<?xml version="1.0" encoding="UTF-8"?>
<testsuites>
  <testsuite name="AuthTests" tests="4" failures="2" time="0.700">
    <testcase name="should login" classname="AuthTests" time="0.250">
      <failure message="Intermittent auth failure: token expired">TokenError: Intermittent auth failure: token expired
    at AuthTests.shouldLogin (auth.test.ts:15:3)</failure>
    </testcase>
    <testcase name="should logout" classname="AuthTests" time="0.045"/>
    <testcase name="should register" classname="AuthTests" time="0.200">
      <failure message="Email already exists">ConflictError: Email already exists
    at AuthTests.shouldRegister (auth.test.ts:42:3)</failure>
    </testcase>
    <testcase name="should reset password" classname="AuthTests" time="0.205"/>
  </testsuite>
  <testsuite name="DbTests" tests="3" failures="1" time="0.400">
    <testcase name="should connect" classname="DbTests" time="0.180"/>
    <testcase name="should query" classname="DbTests" time="0.120">
      <failure message="Query returned unexpected null">AssertionError: Query returned unexpected null
    at DbTests.shouldQuery (db.test.ts:35:5)</failure>
    </testcase>
    <testcase name="should insert" classname="DbTests" time="0.100"/>
  </testsuite>
  <testsuite name="ApiTests" tests="3" failures="0" time="0.260">
    <testcase name="should return 200" classname="ApiTests" time="0.090"/>
    <testcase name="should validate input" classname="ApiTests" time="0.075"/>
    <testcase name="should rate limit" classname="ApiTests" time="0.095"/>
  </testsuite>
</testsuites>
